<?xml version="1.0" encoding="UTF-8"?>
<!-- Generated by org.testng.reporters.JUnitXMLReporter -->
<testsuite hostname="Admin_SRV-PC" ignored="0" name="Default test" tests="14" failures="0" timestamp="2022-05-09T21:43:06 IST" time="202.031" errors="0">
  <testcase name="finaldata" time="16.252" classname="Tests.Dataexllogin"/>
  <testcase name="finaldata" time="8.948" classname="Tests.Dataexllogin"/>
  <testcase name="finaldata" time="8.892" classname="Tests.Dataexllogin"/>
  <testcase name="finaldata" time="8.743" classname="Tests.Dataexllogin"/>
  <testcase name="finaldata" time="8.59" classname="Tests.Dataexllogin"/>
  <testcase name="finaldata" time="9.899" classname="Tests.Dataexllogin"/>
  <testcase name="finaldata" time="8.845" classname="Tests.Dataexllogin"/>
  <testcase name="finaldata" time="8.68" classname="Tests.Dataexllogin"/>
  <testcase name="finaldata" time="8.709" classname="Tests.Dataexllogin"/>
  <testcase name="finaldata" time="9.044" classname="Tests.Dataexllogin"/>
  <testcase name="finaldata" time="8.749" classname="Tests.Dataexllogin"/>
  <testcase name="finaldata" time="8.694" classname="Tests.Dataexllogin"/>
  <testcase name="finaldata" time="10.729" classname="Tests.Dataexllogin"/>
  <testcase name="finaldata" time="8.995" classname="Tests.Dataexllogin"/>
</testsuite> <!-- Default test -->
