<?xml version="1.0" encoding="UTF-8"?>
<!-- Generated by org.testng.reporters.JUnitXMLReporter -->
<testsuite hostname="Admin_SRV-PC" ignored="0" name="Testff" tests="14" failures="0" timestamp="2022-05-10T09:23:36 IST" time="151.618" errors="0">
  <testcase name="finaldata" time="11.385" classname="Tests.Dataexllogin"/>
  <testcase name="finaldata" time="9.634" classname="Tests.Dataexllogin"/>
  <testcase name="finaldata" time="8.977" classname="Tests.Dataexllogin"/>
  <testcase name="finaldata" time="8.67" classname="Tests.Dataexllogin"/>
  <testcase name="finaldata" time="8.673" classname="Tests.Dataexllogin"/>
  <testcase name="finaldata" time="9.695" classname="Tests.Dataexllogin"/>
  <testcase name="finaldata" time="8.643" classname="Tests.Dataexllogin"/>
  <testcase name="finaldata" time="8.843" classname="Tests.Dataexllogin"/>
  <testcase name="finaldata" time="8.748" classname="Tests.Dataexllogin"/>
  <testcase name="finaldata" time="8.701" classname="Tests.Dataexllogin"/>
  <testcase name="finaldata" time="8.721" classname="Tests.Dataexllogin"/>
  <testcase name="finaldata" time="8.689" classname="Tests.Dataexllogin"/>
  <testcase name="finaldata" time="9.714" classname="Tests.Dataexllogin"/>
  <testcase name="finaldata" time="8.703" classname="Tests.Dataexllogin"/>
</testsuite> <!-- Testff -->
