<?xml version="1.0" encoding="UTF-8"?>
<!-- Generated by org.testng.reporters.JUnitXMLReporter -->
<testsuite hostname="Admin_SRV-PC" ignored="0" name="Testcc" tests="14" failures="0" timestamp="2022-05-10T09:24:27 IST" time="202.708" errors="0">
  <testcase name="finaldata" time="13.765" classname="Tests.Dataexllogin"/>
  <testcase name="finaldata" time="9.552" classname="Tests.Dataexllogin"/>
  <testcase name="finaldata" time="9.104" classname="Tests.Dataexllogin"/>
  <testcase name="finaldata" time="9.559" classname="Tests.Dataexllogin"/>
  <testcase name="finaldata" time="8.989" classname="Tests.Dataexllogin"/>
  <testcase name="finaldata" time="9.846" classname="Tests.Dataexllogin"/>
  <testcase name="finaldata" time="9.224" classname="Tests.Dataexllogin"/>
  <testcase name="finaldata" time="8.752" classname="Tests.Dataexllogin"/>
  <testcase name="finaldata" time="9.999" classname="Tests.Dataexllogin"/>
  <testcase name="finaldata" time="9.913" classname="Tests.Dataexllogin"/>
  <testcase name="finaldata" time="8.926" classname="Tests.Dataexllogin"/>
  <testcase name="finaldata" time="8.865" classname="Tests.Dataexllogin"/>
  <testcase name="finaldata" time="10.036" classname="Tests.Dataexllogin"/>
  <testcase name="finaldata" time="8.972" classname="Tests.Dataexllogin"/>
</testsuite> <!-- Testcc -->
