<?xml version="1.0" encoding="UTF-8"?>
<testng-results skipped="0" failed="0" ignored="0" total="0" passed="0">
  <reporter-output>
  </reporter-output>
  <suite name="Suite" duration-ms="13" started-at="2022-05-11T10:54:36 IST" finished-at="2022-05-11T10:54:36 IST">
    <groups>
    </groups>
    <test name="Testch" duration-ms="13" started-at="2022-05-11T10:54:36 IST" finished-at="2022-05-11T10:54:36 IST">
    </test> <!-- Testch -->
    <test name="Testff" duration-ms="13" started-at="2022-05-11T10:54:36 IST" finished-at="2022-05-11T10:54:36 IST">
    </test> <!-- Testff -->
  </suite> <!-- Suite -->
</testng-results>
