<?xml version="1.0" encoding="UTF-8"?>
<testng-results skipped="0" failed="0" ignored="0" total="14" passed="14">
  <reporter-output>
  </reporter-output>
  <suite name="Default suite" duration-ms="202031" started-at="2022-05-09T21:39:44 IST" finished-at="2022-05-09T21:43:06 IST">
    <groups>
    </groups>
    <test name="Default test" duration-ms="202031" started-at="2022-05-09T21:39:44 IST" finished-at="2022-05-09T21:43:06 IST">
      <class name="Tests.Dataexllogin">
        <test-method status="PASS" signature="setup()[pri:0, instance:Tests.Dataexllogin@39ac6]" name="setup" is-config="true" duration-ms="5142" started-at="2022-05-09T21:39:44 IST" finished-at="2022-05-09T21:39:49 IST">
          <reporter-output>
          </reporter-output>
        </test-method> <!-- setup -->
        <test-method status="PASS" signature="finaldata(java.lang.String, java.lang.String, java.lang.String)[pri:0, instance:Tests.Dataexllogin@39ac6]" name="finaldata" duration-ms="16252" started-at="2022-05-09T21:39:50 IST" data-provider="testdata" finished-at="2022-05-09T21:40:06 IST">
          <params>
            <param index="0">
              <value>
                <![CDATA[Sonal]]>
              </value>
            </param>
            <param index="1">
              <value>
                <![CDATA[12345]]>
              </value>
            </param>
            <param index="2">
              <value>
                <![CDATA[abc123]]>
              </value>
            </param>
          </params>
          <reporter-output>
          </reporter-output>
        </test-method> <!-- finaldata -->
        <test-method status="PASS" signature="finaldata(java.lang.String, java.lang.String, java.lang.String)[pri:0, instance:Tests.Dataexllogin@39ac6]" name="finaldata" duration-ms="8948" started-at="2022-05-09T21:40:06 IST" data-provider="testdata" finished-at="2022-05-09T21:40:15 IST">
          <params>
            <param index="0">
              <value>
                <![CDATA[Tukal]]>
              </value>
            </param>
            <param index="1">
              <value>
                <![CDATA[12345]]>
              </value>
            </param>
            <param index="2">
              <value>
                <![CDATA[cdf456]]>
              </value>
            </param>
          </params>
          <reporter-output>
          </reporter-output>
        </test-method> <!-- finaldata -->
        <test-method status="PASS" signature="finaldata(java.lang.String, java.lang.String, java.lang.String)[pri:0, instance:Tests.Dataexllogin@39ac6]" name="finaldata" duration-ms="8892" started-at="2022-05-09T21:40:15 IST" data-provider="testdata" finished-at="2022-05-09T21:40:24 IST">
          <params>
            <param index="0">
              <value>
                <![CDATA[sachin]]>
              </value>
            </param>
            <param index="1">
              <value>
                <![CDATA[12345]]>
              </value>
            </param>
            <param index="2">
              <value>
                <![CDATA[asw12.0]]>
              </value>
            </param>
          </params>
          <reporter-output>
          </reporter-output>
        </test-method> <!-- finaldata -->
        <test-method status="PASS" signature="finaldata(java.lang.String, java.lang.String, java.lang.String)[pri:0, instance:Tests.Dataexllogin@39ac6]" name="finaldata" duration-ms="8743" started-at="2022-05-09T21:40:24 IST" data-provider="testdata" finished-at="2022-05-09T21:40:33 IST">
          <params>
            <param index="0">
              <value>
                <![CDATA[vikash]]>
              </value>
            </param>
            <param index="1">
              <value>
                <![CDATA[12345]]>
              </value>
            </param>
            <param index="2">
              <value>
                <![CDATA[qwe334t]]>
              </value>
            </param>
          </params>
          <reporter-output>
          </reporter-output>
        </test-method> <!-- finaldata -->
        <test-method status="PASS" signature="finaldata(java.lang.String, java.lang.String, java.lang.String)[pri:0, instance:Tests.Dataexllogin@39ac6]" name="finaldata" duration-ms="8590" started-at="2022-05-09T21:40:33 IST" data-provider="testdata" finished-at="2022-05-09T21:40:41 IST">
          <params>
            <param index="0">
              <value>
                <![CDATA[amit]]>
              </value>
            </param>
            <param index="1">
              <value>
                <![CDATA[12345]]>
              </value>
            </param>
            <param index="2">
              <value>
                <![CDATA[12#anh]]>
              </value>
            </param>
          </params>
          <reporter-output>
          </reporter-output>
        </test-method> <!-- finaldata -->
        <test-method status="PASS" signature="finaldata(java.lang.String, java.lang.String, java.lang.String)[pri:0, instance:Tests.Dataexllogin@39ac6]" name="finaldata" duration-ms="9899" started-at="2022-05-09T21:40:41 IST" data-provider="testdata" finished-at="2022-05-09T21:40:51 IST">
          <params>
            <param index="0">
              <value>
                <![CDATA[suresh]]>
              </value>
            </param>
            <param index="1">
              <value>
                <![CDATA[123456]]>
              </value>
            </param>
            <param index="2">
              <value>
                <![CDATA[weert90]]>
              </value>
            </param>
          </params>
          <reporter-output>
          </reporter-output>
        </test-method> <!-- finaldata -->
        <test-method status="PASS" signature="finaldata(java.lang.String, java.lang.String, java.lang.String)[pri:0, instance:Tests.Dataexllogin@39ac6]" name="finaldata" duration-ms="8845" started-at="2022-05-09T21:40:51 IST" data-provider="testdata" finished-at="2022-05-09T21:41:00 IST">
          <params>
            <param index="0">
              <value>
                <![CDATA[vibek]]>
              </value>
            </param>
            <param index="1">
              <value>
                <![CDATA[12345]]>
              </value>
            </param>
            <param index="2">
              <value>
                <![CDATA[112]]>
              </value>
            </param>
          </params>
          <reporter-output>
          </reporter-output>
        </test-method> <!-- finaldata -->
        <test-method status="PASS" signature="finaldata(java.lang.String, java.lang.String, java.lang.String)[pri:0, instance:Tests.Dataexllogin@39ac6]" name="finaldata" duration-ms="8680" started-at="2022-05-09T21:41:00 IST" data-provider="testdata" finished-at="2022-05-09T21:41:09 IST">
          <params>
            <param index="0">
              <value>
                <![CDATA[rutu]]>
              </value>
            </param>
            <param index="1">
              <value>
                <![CDATA[12345]]>
              </value>
            </param>
            <param index="2">
              <value>
                <![CDATA[qewe#$]]>
              </value>
            </param>
          </params>
          <reporter-output>
          </reporter-output>
        </test-method> <!-- finaldata -->
        <test-method status="PASS" signature="finaldata(java.lang.String, java.lang.String, java.lang.String)[pri:0, instance:Tests.Dataexllogin@39ac6]" name="finaldata" duration-ms="8709" started-at="2022-05-09T21:41:09 IST" data-provider="testdata" finished-at="2022-05-09T21:41:17 IST">
          <params>
            <param index="0">
              <value>
                <![CDATA[nihal]]>
              </value>
            </param>
            <param index="1">
              <value>
                <![CDATA[12345]]>
              </value>
            </param>
            <param index="2">
              <value>
                <![CDATA[dff4]]>
              </value>
            </param>
          </params>
          <reporter-output>
          </reporter-output>
        </test-method> <!-- finaldata -->
        <test-method status="PASS" signature="finaldata(java.lang.String, java.lang.String, java.lang.String)[pri:0, instance:Tests.Dataexllogin@39ac6]" name="finaldata" duration-ms="9044" started-at="2022-05-09T21:41:18 IST" data-provider="testdata" finished-at="2022-05-09T21:41:27 IST">
          <params>
            <param index="0">
              <value>
                <![CDATA[sabrina]]>
              </value>
            </param>
            <param index="1">
              <value>
                <![CDATA[12345]]>
              </value>
            </param>
            <param index="2">
              <value>
                <![CDATA[sd33]]>
              </value>
            </param>
          </params>
          <reporter-output>
          </reporter-output>
        </test-method> <!-- finaldata -->
        <test-method status="PASS" signature="finaldata(java.lang.String, java.lang.String, java.lang.String)[pri:0, instance:Tests.Dataexllogin@39ac6]" name="finaldata" duration-ms="8749" started-at="2022-05-09T21:41:27 IST" data-provider="testdata" finished-at="2022-05-09T21:41:35 IST">
          <params>
            <param index="0">
              <value>
                <![CDATA[Shehzad]]>
              </value>
            </param>
            <param index="1">
              <value>
                <![CDATA[12345]]>
              </value>
            </param>
            <param index="2">
              <value>
                <![CDATA[fke00]]>
              </value>
            </param>
          </params>
          <reporter-output>
          </reporter-output>
        </test-method> <!-- finaldata -->
        <test-method status="PASS" signature="finaldata(java.lang.String, java.lang.String, java.lang.String)[pri:0, instance:Tests.Dataexllogin@39ac6]" name="finaldata" duration-ms="8694" started-at="2022-05-09T21:41:35 IST" data-provider="testdata" finished-at="2022-05-09T21:41:44 IST">
          <params>
            <param index="0">
              <value>
                <![CDATA[Ankit]]>
              </value>
            </param>
            <param index="1">
              <value>
                <![CDATA[12345]]>
              </value>
            </param>
            <param index="2">
              <value>
                <![CDATA[TRUE]]>
              </value>
            </param>
          </params>
          <reporter-output>
          </reporter-output>
        </test-method> <!-- finaldata -->
        <test-method status="PASS" signature="finaldata(java.lang.String, java.lang.String, java.lang.String)[pri:0, instance:Tests.Dataexllogin@39ac6]" name="finaldata" duration-ms="10729" started-at="2022-05-09T21:41:44 IST" data-provider="testdata" finished-at="2022-05-09T21:41:55 IST">
          <params>
            <param index="0">
              <value>
                <![CDATA[Ronak]]>
              </value>
            </param>
            <param index="1">
              <value>
                <![CDATA[123456]]>
              </value>
            </param>
            <param index="2">
              <value>
                <![CDATA[FALSE]]>
              </value>
            </param>
          </params>
          <reporter-output>
          </reporter-output>
        </test-method> <!-- finaldata -->
        <test-method status="PASS" signature="finaldata(java.lang.String, java.lang.String, java.lang.String)[pri:0, instance:Tests.Dataexllogin@39ac6]" name="finaldata" duration-ms="8995" started-at="2022-05-09T21:41:55 IST" data-provider="testdata" finished-at="2022-05-09T21:42:04 IST">
          <params>
            <param index="0">
              <value>
                <![CDATA[Rahul]]>
              </value>
            </param>
            <param index="1">
              <value>
                <![CDATA[12345]]>
              </value>
            </param>
            <param index="2">
              <value>
                <![CDATA[2323]]>
              </value>
            </param>
          </params>
          <reporter-output>
          </reporter-output>
        </test-method> <!-- finaldata -->
        <test-method status="PASS" signature="teardown()[pri:0, instance:Tests.Dataexllogin@39ac6]" name="teardown" is-config="true" duration-ms="62084" started-at="2022-05-09T21:42:04 IST" finished-at="2022-05-09T21:43:06 IST">
          <reporter-output>
          </reporter-output>
        </test-method> <!-- teardown -->
      </class> <!-- Tests.Dataexllogin -->
    </test> <!-- Default test -->
  </suite> <!-- Default suite -->
</testng-results>
